<?xml version="1.0" encoding="UTF-8"?>
<!-- Generated by org.testng.reporters.JUnitReportReporter -->
<testsuite hostname="Ashok" failures="0" tests="11" name="com.hrms.masters.tests.MastersGeographyTest" time="237.176" errors="0" timestamp="2023-02-20T13:17:59 IST" skipped="0">
  <testcase classname="com.hrms.masters.tests.MastersGeographyTest" name="LoginTest" time="16.201"/>
  <system-out/>
  <testcase classname="com.hrms.masters.tests.MastersGeographyTest" name="StateEditTest" time="24.256"/>
  <system-out/>
  <testcase classname="com.hrms.masters.tests.MastersGeographyTest" name="AreaTest" time="33.558"/>
  <system-out/>
  <testcase classname="com.hrms.masters.tests.MastersGeographyTest" name="CountryTest" time="7.364"/>
  <system-out/>
  <testcase classname="com.hrms.masters.tests.MastersGeographyTest" name="CityEditTest" time="1.743"/>
  <system-out/>
  <testcase classname="com.hrms.masters.tests.MastersGeographyTest" name="StateTest" time="9.891"/>
  <system-out/>
  <testcase classname="com.hrms.masters.tests.MastersGeographyTest" name="CountryEditTest" time="21.918"/>
  <system-out/>
  <testcase classname="com.hrms.masters.tests.MastersGeographyTest" name="WorklocationTest" time="43.689"/>
  <system-out/>
  <testcase classname="com.hrms.masters.tests.MastersGeographyTest" name="CityTest" time="33.215"/>
  <system-out/>
  <testcase classname="com.hrms.masters.tests.MastersGeographyTest" name="AreaEditTest" time="3.009"/>
  <system-out/>
  <testcase classname="com.hrms.masters.tests.MastersGeographyTest" name="WorklocationEditTest" time="42.332"/>
  <system-out/>
</testsuite> <!-- com.hrms.masters.tests.MastersGeographyTest -->
