<?xml version="1.0" encoding="UTF-8"?>
<!-- Generated by org.testng.reporters.JUnitReportReporter -->
<testsuite hostname="Ashok" failures="0" tests="1" name="com.hrms.masters.tests.MastersGeographyTest" time="25.063" errors="0" timestamp="2023-02-28T19:00:53 IST" skipped="0">
  <testcase classname="com.hrms.masters.tests.MastersGeographyTest" name="AreaEditTest" time="25.063"/>
  <system-out/>
</testsuite> <!-- com.hrms.masters.tests.MastersGeographyTest -->
