<?xml version="1.0" encoding="UTF-8"?>
<!-- Generated by org.testng.reporters.JUnitReportReporter -->
<testsuite hostname="DESKTOP-4KQ99T5" failures="0" tests="1" name="com.hrms.masters.tests.MastersGeographyTest" time="46.614" errors="0" timestamp="2023-02-16T17:32:20 IST" skipped="0">
  <testcase classname="com.hrms.masters.tests.MastersGeographyTest" name="CountryTest" time="46.614"/>
  <system-out/>
</testsuite> <!-- com.hrms.masters.tests.MastersGeographyTest -->
