<?xml version="1.0" encoding="UTF-8"?>
<!-- Generated by org.testng.reporters.JUnitReportReporter -->
<testsuite hostname="Ashok" failures="0" tests="1" name="com.hrms.masters.tests.MastersPositionTest" time="5.513" errors="0" timestamp="2023-02-24T14:00:54 IST" skipped="0">
  <testcase classname="com.hrms.masters.tests.MastersPositionTest" name="PositionCategoryEditTest" time="5.513"/>
  <system-out/>
</testsuite> <!-- com.hrms.masters.tests.MastersPositionTest -->
