<?xml version="1.0" encoding="UTF-8"?>
<!-- Generated by org.testng.reporters.JUnitReportReporter -->
<testsuite hostname="Ashok" failures="0" tests="12" name="com.hrms.masters.tests.MastersPersonalTest" time="108.366" errors="0" timestamp="2023-02-21T11:52:39 IST" skipped="0">
  <testcase classname="com.hrms.masters.tests.MastersPersonalTest" name="ReligionTest" time="10.265"/>
  <system-out/>
  <testcase classname="com.hrms.masters.tests.MastersPersonalTest" name="ReligionEditTest" time="23.563"/>
  <system-out/>
  <testcase classname="com.hrms.masters.tests.MastersPersonalTest" name="NationalityTest" time="8.812"/>
  <system-out/>
  <testcase classname="com.hrms.masters.tests.MastersPersonalTest" name="NationalityEditTest" time="6.103"/>
  <system-out/>
  <testcase classname="com.hrms.masters.tests.MastersPersonalTest" name="LanguageTest" time="9.001"/>
  <system-out/>
  <testcase classname="com.hrms.masters.tests.MastersPersonalTest" name="LanguageEditTest" time="4.811"/>
  <system-out/>
  <testcase classname="com.hrms.masters.tests.MastersPersonalTest" name="RelationShipTest" time="13.203"/>
  <system-out/>
  <testcase classname="com.hrms.masters.tests.MastersPersonalTest" name="RelationshipEditTest" time="4.712"/>
  <system-out/>
  <testcase classname="com.hrms.masters.tests.MastersPersonalTest" name="BloodGroupTest" time="10.161"/>
  <system-out/>
  <testcase classname="com.hrms.masters.tests.MastersPersonalTest" name="BloodGroupEditTest" time="2.869"/>
  <system-out/>
  <testcase classname="com.hrms.masters.tests.MastersPersonalTest" name="IdentificationProofTest" time="10.137"/>
  <system-out/>
  <testcase classname="com.hrms.masters.tests.MastersPersonalTest" name="IdentificationProofEditTest" time="4.729"/>
  <system-out/>
</testsuite> <!-- com.hrms.masters.tests.MastersPersonalTest -->
