<?xml version="1.0" encoding="UTF-8"?>
<!-- Generated by org.testng.reporters.JUnitReportReporter -->
<testsuite hostname="Ashok" failures="0" tests="13" name="com.hrms.masters.tests.MastersPersonalTest" time="20.385" errors="1" timestamp="2023-02-22T10:47:17 IST" skipped="12">
  <testcase classname="com.hrms.masters.tests.MastersPersonalTest" name="ReligionTest" time="0.000">
    <skipped/>
  </testcase> <!-- ReligionTest -->
  <system-out/>
  <testcase classname="com.hrms.masters.tests.MastersPersonalTest" name="login" time="20.385">
    <error message="disconnected: not connected to DevTools
  (failed to check if window was closed: disconnected: not connected to DevTools)
  (Session info: chrome=110.0.5481.104)
Build info: version: &#039;4.7.2&#039;, revision: &#039;4d4020c3b7&#039;
System info: os.name: &#039;Windows 10&#039;, os.arch: &#039;amd64&#039;, os.version: &#039;10.0&#039;, java.version: &#039;11.0.9&#039;
Driver info: org.openqa.selenium.chrome.ChromeDriver
Command: [843cb482dcb5936e6f240366f0c6e464, findElement {using=xpath, value=//div[text()=&#039; HRMS-SELFCARE &#039;]}]
Capabilities {acceptInsecureCerts: false, browserName: chrome, browserVersion: 110.0.5481.104, chrome: {chromedriverVersion: 110.0.5481.77 (65ed616c6e8e..., userDataDir: C:\Users\angap\AppData\Loca...}, goog:chromeOptions: {debuggerAddress: localhost:59220}, networkConnectionEnabled: false, pageLoadStrategy: normal, platformName: WINDOWS, proxy: Proxy(), se:cdp: ws://localhost:59220/devtoo..., se:cdpVersion: 110.0.5481.104, setWindowRect: true, strictFileInteractability: false, timeouts: {implicit: 0, pageLoad: 300000, script: 30000}, unhandledPromptBehavior: dismiss and notify, webauthn:extension:credBlob: true, webauthn:extension:largeBlob: true, webauthn:virtualAuthenticators: true}
Session ID: 843cb482dcb5936e6f240366f0c6e464" type="org.openqa.selenium.WebDriverException">
      <![CDATA[org.openqa.selenium.WebDriverException: disconnected: not connected to DevTools
  (failed to check if window was closed: disconnected: not connected to DevTools)
  (Session info: chrome=110.0.5481.104)
Build info: version: '4.7.2', revision: '4d4020c3b7'
System info: os.name: 'Windows 10', os.arch: 'amd64', os.version: '10.0', java.version: '11.0.9'
Driver info: org.openqa.selenium.chrome.ChromeDriver
Command: [843cb482dcb5936e6f240366f0c6e464, findElement {using=xpath, value=//div[text()=' HRMS-SELFCARE ']}]
Capabilities {acceptInsecureCerts: false, browserName: chrome, browserVersion: 110.0.5481.104, chrome: {chromedriverVersion: 110.0.5481.77 (65ed616c6e8e..., userDataDir: C:\Users\angap\AppData\Loca...}, goog:chromeOptions: {debuggerAddress: localhost:59220}, networkConnectionEnabled: false, pageLoadStrategy: normal, platformName: WINDOWS, proxy: Proxy(), se:cdp: ws://localhost:59220/devtoo..., se:cdpVersion: 110.0.5481.104, setWindowRect: true, strictFileInteractability: false, timeouts: {implicit: 0, pageLoad: 300000, script: 30000}, unhandledPromptBehavior: dismiss and notify, webauthn:extension:credBlob: true, webauthn:extension:largeBlob: true, webauthn:virtualAuthenticators: true}
Session ID: 843cb482dcb5936e6f240366f0c6e464
at java.base/jdk.internal.reflect.NativeConstructorAccessorImpl.newInstance0(Native Method)
at java.base/jdk.internal.reflect.NativeConstructorAccessorImpl.newInstance(NativeConstructorAccessorImpl.java:62)
at java.base/jdk.internal.reflect.DelegatingConstructorAccessorImpl.newInstance(DelegatingConstructorAccessorImpl.java:45)
at java.base/java.lang.reflect.Constructor.newInstance(Constructor.java:490)
at org.openqa.selenium.remote.codec.w3c.W3CHttpResponseCodec.createException(W3CHttpResponseCodec.java:200)
at org.openqa.selenium.remote.codec.w3c.W3CHttpResponseCodec.decode(W3CHttpResponseCodec.java:133)
at org.openqa.selenium.remote.codec.w3c.W3CHttpResponseCodec.decode(W3CHttpResponseCodec.java:53)
at org.openqa.selenium.remote.HttpCommandExecutor.execute(HttpCommandExecutor.java:184)
at org.openqa.selenium.remote.service.DriverCommandExecutor.invokeExecute(DriverCommandExecutor.java:167)
at org.openqa.selenium.remote.service.DriverCommandExecutor.execute(DriverCommandExecutor.java:142)
at org.openqa.selenium.remote.RemoteWebDriver.execute(RemoteWebDriver.java:535)
at org.openqa.selenium.remote.ElementLocation$ElementFinder$2.findElement(ElementLocation.java:162)
at org.openqa.selenium.remote.ElementLocation.findElement(ElementLocation.java:60)
at org.openqa.selenium.remote.RemoteWebDriver.findElement(RemoteWebDriver.java:351)
at org.openqa.selenium.remote.RemoteWebDriver.findElement(RemoteWebDriver.java:343)
at com.hrms.Utils.ElementUtils.getElement(ElementUtils.java:79)
at com.hrms.Utils.ElementUtils.doClick(ElementUtils.java:101)
at com.hrms.pageactions.masters.LoginPage.Login(LoginPage.java:65)
at com.hrms.masters.tests.MastersPersonalTest.login(MastersPersonalTest.java:16)
at java.base/jdk.internal.reflect.NativeMethodAccessorImpl.invoke0(Native Method)
at java.base/jdk.internal.reflect.NativeMethodAccessorImpl.invoke(NativeMethodAccessorImpl.java:62)
at java.base/jdk.internal.reflect.DelegatingMethodAccessorImpl.invoke(DelegatingMethodAccessorImpl.java:43)
at java.base/java.lang.reflect.Method.invoke(Method.java:566)
at org.testng.internal.MethodInvocationHelper.invokeMethod(MethodInvocationHelper.java:133)
at org.testng.internal.MethodInvocationHelper.invokeMethodConsideringTimeout(MethodInvocationHelper.java:62)
at org.testng.internal.ConfigInvoker.invokeConfigurationMethod(ConfigInvoker.java:385)
at org.testng.internal.ConfigInvoker.invokeConfigurations(ConfigInvoker.java:321)
at org.testng.internal.TestMethodWorker.invokeBeforeClassMethods(TestMethodWorker.java:176)
at org.testng.internal.TestMethodWorker.run(TestMethodWorker.java:122)
at java.base/java.util.concurrent.ThreadPoolExecutor.runWorker(ThreadPoolExecutor.java:1128)
at java.base/java.util.concurrent.ThreadPoolExecutor$Worker.run(ThreadPoolExecutor.java:628)
at java.base/java.lang.Thread.run(Thread.java:834)
]]>
    </error>
  </testcase> <!-- login -->
  <system-out/>
  <testcase classname="com.hrms.masters.tests.MastersPersonalTest" name="ReligionEditTest" time="0.000">
    <skipped/>
  </testcase> <!-- ReligionEditTest -->
  <system-out/>
  <testcase classname="com.hrms.masters.tests.MastersPersonalTest" name="NationalityTest" time="0.000">
    <skipped/>
  </testcase> <!-- NationalityTest -->
  <system-out/>
  <testcase classname="com.hrms.masters.tests.MastersPersonalTest" name="NationalityEditTest" time="0.000">
    <skipped/>
  </testcase> <!-- NationalityEditTest -->
  <system-out/>
  <testcase classname="com.hrms.masters.tests.MastersPersonalTest" name="LanguageTest" time="0.000">
    <skipped/>
  </testcase> <!-- LanguageTest -->
  <system-out/>
  <testcase classname="com.hrms.masters.tests.MastersPersonalTest" name="LanguageEditTest" time="0.000">
    <skipped/>
  </testcase> <!-- LanguageEditTest -->
  <system-out/>
  <testcase classname="com.hrms.masters.tests.MastersPersonalTest" name="RelationShipTest" time="0.000">
    <skipped/>
  </testcase> <!-- RelationShipTest -->
  <system-out/>
  <testcase classname="com.hrms.masters.tests.MastersPersonalTest" name="RelationshipEditTest" time="0.000">
    <skipped/>
  </testcase> <!-- RelationshipEditTest -->
  <system-out/>
  <testcase classname="com.hrms.masters.tests.MastersPersonalTest" name="BloodGroupTest" time="0.000">
    <skipped/>
  </testcase> <!-- BloodGroupTest -->
  <system-out/>
  <testcase classname="com.hrms.masters.tests.MastersPersonalTest" name="BloodGroupEditTest" time="0.000">
    <skipped/>
  </testcase> <!-- BloodGroupEditTest -->
  <system-out/>
  <testcase classname="com.hrms.masters.tests.MastersPersonalTest" name="IdentificationProofTest" time="0.000">
    <skipped/>
  </testcase> <!-- IdentificationProofTest -->
  <system-out/>
  <testcase classname="com.hrms.masters.tests.MastersPersonalTest" name="IdentificationProofEditTest" time="0.000">
    <skipped/>
  </testcase> <!-- IdentificationProofEditTest -->
  <system-out/>
</testsuite> <!-- com.hrms.masters.tests.MastersPersonalTest -->
