<?xml version="1.0" encoding="UTF-8"?>
<!-- Generated by org.testng.reporters.JUnitReportReporter -->
<testsuite hostname="Ashok" failures="0" tests="1" name="com.hrms.masters.tests.MastersRecruitmentTest" time="6.275" errors="0" timestamp="2023-03-02T14:35:02 IST" skipped="0">
  <testcase classname="com.hrms.masters.tests.MastersRecruitmentTest" name="CompetenciesEditTest" time="6.275"/>
  <system-out/>
</testsuite> <!-- com.hrms.masters.tests.MastersRecruitmentTest -->
