<?xml version="1.0" encoding="UTF-8"?>
<!-- Generated by org.testng.reporters.JUnitReportReporter -->
<testsuite hostname="Ashok" failures="0" tests="10" name="com.hrms.masters.tests.MastersGeographyTest" time="232.830" errors="0" timestamp="2023-02-21T11:52:39 IST" skipped="0">
  <testcase classname="com.hrms.masters.tests.MastersGeographyTest" name="CountryTest" time="9.948"/>
  <system-out/>
  <testcase classname="com.hrms.masters.tests.MastersGeographyTest" name="CountryEditTest" time="22.247"/>
  <system-out/>
  <testcase classname="com.hrms.masters.tests.MastersGeographyTest" name="StateTest" time="10.565"/>
  <system-out/>
  <testcase classname="com.hrms.masters.tests.MastersGeographyTest" name="StateEditTest" time="22.280"/>
  <system-out/>
  <testcase classname="com.hrms.masters.tests.MastersGeographyTest" name="CityTest" time="36.823"/>
  <system-out/>
  <testcase classname="com.hrms.masters.tests.MastersGeographyTest" name="CityEditTest" time="3.475"/>
  <system-out/>
  <testcase classname="com.hrms.masters.tests.MastersGeographyTest" name="AreaTest" time="36.657"/>
  <system-out/>
  <testcase classname="com.hrms.masters.tests.MastersGeographyTest" name="AreaEditTest" time="2.730"/>
  <system-out/>
  <testcase classname="com.hrms.masters.tests.MastersGeographyTest" name="WorklocationTest" time="45.543"/>
  <system-out/>
  <testcase classname="com.hrms.masters.tests.MastersGeographyTest" name="WorklocationEditTest" time="42.562"/>
  <system-out/>
</testsuite> <!-- com.hrms.masters.tests.MastersGeographyTest -->
