<?xml version="1.0" encoding="UTF-8"?>
<!-- Generated by org.testng.reporters.JUnitReportReporter -->
<testsuite hostname="Ashok" failures="0" tests="13" name="com.hrms.masters.tests.MastersPersonalTest" time="0.003" errors="1" timestamp="2023-02-20T13:17:59 IST" skipped="12">
  <testcase classname="com.hrms.masters.tests.MastersPersonalTest" name="ReligionTest" time="0.000">
    <skipped/>
  </testcase> <!-- ReligionTest -->
  <system-out/>
  <testcase classname="com.hrms.masters.tests.MastersPersonalTest" name="IdentificationProofEditTest" time="0.000">
    <skipped/>
  </testcase> <!-- IdentificationProofEditTest -->
  <system-out/>
  <testcase classname="com.hrms.masters.tests.MastersPersonalTest" name="BloodGroupEditTest" time="0.000">
    <skipped/>
  </testcase> <!-- BloodGroupEditTest -->
  <system-out/>
  <testcase classname="com.hrms.masters.tests.MastersPersonalTest" name="IdentificationProofTest" time="0.000">
    <skipped/>
  </testcase> <!-- IdentificationProofTest -->
  <system-out/>
  <testcase classname="com.hrms.masters.tests.MastersPersonalTest" name="LanguageTest" time="0.000">
    <skipped/>
  </testcase> <!-- LanguageTest -->
  <system-out/>
  <testcase classname="com.hrms.masters.tests.MastersPersonalTest" name="LoginTest" time="0.003">
    <error type="java.lang.NullPointerException">
      <![CDATA[java.lang.NullPointerException
at com.hrms.masters.tests.MastersPersonalTest.LoginTest(MastersPersonalTest.java:10)
at java.base/jdk.internal.reflect.NativeMethodAccessorImpl.invoke0(Native Method)
at java.base/jdk.internal.reflect.NativeMethodAccessorImpl.invoke(NativeMethodAccessorImpl.java:62)
at java.base/jdk.internal.reflect.DelegatingMethodAccessorImpl.invoke(DelegatingMethodAccessorImpl.java:43)
at java.base/java.lang.reflect.Method.invoke(Method.java:566)
at org.testng.internal.MethodInvocationHelper.invokeMethod(MethodInvocationHelper.java:133)
at org.testng.internal.TestInvoker.invokeMethod(TestInvoker.java:598)
at org.testng.internal.TestInvoker.invokeTestMethod(TestInvoker.java:173)
at org.testng.internal.MethodRunner.runInSequence(MethodRunner.java:46)
at org.testng.internal.TestInvoker$MethodInvocationAgent.invoke(TestInvoker.java:824)
at org.testng.internal.TestInvoker.invokeTestMethods(TestInvoker.java:146)
at org.testng.internal.TestMethodWorker.invokeTestMethods(TestMethodWorker.java:146)
at org.testng.internal.TestMethodWorker.run(TestMethodWorker.java:128)
at java.base/java.util.ArrayList.forEach(ArrayList.java:1541)
at org.testng.TestRunner.privateRun(TestRunner.java:794)
at org.testng.TestRunner.run(TestRunner.java:596)
at org.testng.SuiteRunner.runTest(SuiteRunner.java:377)
at org.testng.SuiteRunner.runSequentially(SuiteRunner.java:371)
at org.testng.SuiteRunner.privateRun(SuiteRunner.java:332)
at org.testng.SuiteRunner.run(SuiteRunner.java:276)
at org.testng.SuiteRunnerWorker.runSuite(SuiteRunnerWorker.java:53)
at org.testng.SuiteRunnerWorker.run(SuiteRunnerWorker.java:96)
at org.testng.TestNG.runSuitesSequentially(TestNG.java:1212)
at org.testng.TestNG.runSuitesLocally(TestNG.java:1134)
at org.testng.TestNG.runSuites(TestNG.java:1063)
at org.testng.TestNG.run(TestNG.java:1031)
at org.testng.remote.AbstractRemoteTestNG.run(AbstractRemoteTestNG.java:115)
at org.testng.remote.RemoteTestNG.initAndRun(RemoteTestNG.java:251)
at org.testng.remote.RemoteTestNG.main(RemoteTestNG.java:77)
]]>
    </error>
  </testcase> <!-- LoginTest -->
  <system-out/>
  <testcase classname="com.hrms.masters.tests.MastersPersonalTest" name="RelationshipEditTest" time="0.000">
    <skipped/>
  </testcase> <!-- RelationshipEditTest -->
  <system-out/>
  <testcase classname="com.hrms.masters.tests.MastersPersonalTest" name="BloodGroupTest" time="0.000">
    <skipped/>
  </testcase> <!-- BloodGroupTest -->
  <system-out/>
  <testcase classname="com.hrms.masters.tests.MastersPersonalTest" name="NationalityEditTest" time="0.000">
    <skipped/>
  </testcase> <!-- NationalityEditTest -->
  <system-out/>
  <testcase classname="com.hrms.masters.tests.MastersPersonalTest" name="ReligionEditTest" time="0.000">
    <skipped/>
  </testcase> <!-- ReligionEditTest -->
  <system-out/>
  <testcase classname="com.hrms.masters.tests.MastersPersonalTest" name="RelationShipTest" time="0.000">
    <skipped/>
  </testcase> <!-- RelationShipTest -->
  <system-out/>
  <testcase classname="com.hrms.masters.tests.MastersPersonalTest" name="LanguageEditTest" time="0.000">
    <skipped/>
  </testcase> <!-- LanguageEditTest -->
  <system-out/>
  <testcase classname="com.hrms.masters.tests.MastersPersonalTest" name="NationalityTest" time="0.000">
    <skipped/>
  </testcase> <!-- NationalityTest -->
  <system-out/>
</testsuite> <!-- com.hrms.masters.tests.MastersPersonalTest -->
